Starting distributed join for customer and orders tables at Mon Jun  2 23:39:14 CDT 2025
Running on 2 nodes with 2 total tasks
Requirement already satisfied: duckdb in /gpfs/home/exy4679/.local/lib/python3.10/site-packages (1.3.0)
Requirement already satisfied: mpi4py in /gpfs/home/exy4679/.local/lib/python3.10/site-packages (4.0.3)
Successfully loaded modules and installed packages
============================================================
Distributed join customer and orders tables on 2 nodes
============================================================
Rank 0: Partitioning and distributing customer and orders Parquet files
Rank 1: Receiving customer and orders Parquet files...
Rank 0: Sent customer and orders partitions to rank 1
Rank 1: Received and saved Parquet files
Rank 0: Loaded 7500 customer and 75225 orders records into local DB
Rank 1: Loaded 7500 customer and 74775 orders records into local DB
Rank 0: Query completed in 0:00:00.017063, wrote 1160021 bytes
Coordinator collecting Parquet files...
Rank 1: Query completed in 0:00:00.026553, wrote 1154794 bytes
Receiving Parquet from rank 1...
Collection completed in 0:00:00.069778, total records: 150000
Total execution time: 3.147899 seconds
Partitioning time: 3.056996 seconds
Collection time: 0.090267 seconds
Distributed join for customer and orders tables finished at 
