Starting distributed join for customer and orders tables at Mon Jun  2 23:50:30 CDT 2025
Running on 6 nodes with 6 total tasks
Requirement already satisfied: duckdb in /gpfs/home/exy4679/.local/lib/python3.10/site-packages (1.3.0)
Requirement already satisfied: mpi4py in /gpfs/home/exy4679/.local/lib/python3.10/site-packages (4.0.3)
Successfully loaded modules and installed packages
============================================================
Distributed join customer and orders tables on 6 nodes
============================================================
Rank 0: Partitioning and distributing customer and orders Parquet files
Rank 3: Receiving customer and orders Parquet files...
Rank 5: Receiving customer and orders Parquet files...
Rank 2: Receiving customer and orders Parquet files...
Rank 1: Receiving customer and orders Parquet files...
Rank 4: Receiving customer and orders Parquet files...
Rank 0: Sent customer and orders partitions to rank 1
Rank 1: Received and saved Parquet files
Rank 0: Sent customer and orders partitions to rank 2
Rank 2: Received and saved Parquet files
Rank 0: Sent customer and orders partitions to rank 3
Rank 3: Received and saved Parquet files
Rank 0: Sent customer and orders partitions to rank 4
Rank 4: Received and saved Parquet files
Rank 0: Sent customer and orders partitions to rank 5
Rank 5: Received and saved Parquet files
Rank 0: Loaded 2500 customer and 0 orders records into local DB
Rank 2: Loaded 2500 customer and 25300 orders records into local DB
Rank 4: Loaded 2500 customer and 49925 orders records into local DB
Rank 3: Loaded 2500 customer and 0 orders records into local DB
Rank 1: Loaded 2500 customer and 50007 orders records into local DB
Rank 5: Loaded 2500 customer and 24768 orders records into local DB
Rank 0: Query completed in 0:00:00.001470, wrote 188 bytes
Coordinator collecting Parquet files...
Rank 3: Query completed in 0:00:00.001543, wrote 188 bytes
Rank 5: Query completed in 0:00:00.009285, wrote 398838 bytes
Rank 2: Query completed in 0:00:00.010666, wrote 406064 bytes
Receiving Parquet from rank 1...
Rank 4: Query completed in 0:00:00.014739, wrote 753808 bytes
Rank 1: Query completed in 0:00:00.015512, wrote 754882 bytes
Receiving Parquet from rank 2...
Receiving Parquet from rank 3...
Receiving Parquet from rank 4...
Receiving Parquet from rank 5...
Collection completed in 0:00:00.263104, total records: 150000
Total execution time: 2.349227 seconds
Partitioning time: 2.080535 seconds
Collection time: 0.268406 seconds
Distributed join for customer and orders tables finished at 
