Starting distributed join for customer and orders tables
Job ID: 4932359
Running on 4 nodes with 4 total tasks
Successfully loaded modules and installed packages
Rank 1: Receiving customer and orders Parquet files...
Rank 2: Receiving customer and orders Parquet files...
============================================================
Distributed join customer and orders tables on 4 nodes
============================================================
Rank 0: Partitioning and distributing customer and orders Parquet files
Rank 3: Receiving customer and orders Parquet files...
Rank 0: Sent customer and orders partitions to rank 1
Rank 1: Received and saved Parquet files
Rank 1: Loaded 3750 customer and 37347 orders records into local DB
Rank 0: Sent customer and orders partitions to rank 2
Rank 2: Received and saved Parquet files
Rank 2: Loaded 3750 customer and 37791 orders records into local DB
Rank 0: Sent customer and orders partitions to rank 3
Rank 3: Received and saved Parquet files
Rank 3: Loaded 3750 customer and 37428 orders records into local DB
Rank 0: Loaded 3750 customer and 37434 orders records into local DB
Rank 2: Local join query completed in 0.009537
Rank 1: Local join query completed in 0.01007
Rank 3: Local join query completed in 0.01008
Rank 0: Local join query completed in 0.017377
Coordinator collecting Parquet files...
Receiving Parquet from rank 1...
Receiving Parquet from rank 2...
Receiving Parquet from rank 3...
Collection completed in 0:00:03.062457, total records: 150000
Total execution time: 4.243382 seconds
Partitioning time: 1.154092 seconds
Local join time: 0.017377 seconds
Collection time: 3.062457 seconds
Distributed join for customer and orders tables finished
