Starting distributed join for customer and orders tables
Job ID: 4932416
Running on 4 nodes with 4 total tasks
Successfully loaded modules and installed packages
Rank 2: Receiving customer and orders Parquet files...
Rank 1: Receiving customer and orders Parquet files...
Rank 3: Receiving customer and orders Parquet files...
============================================================
Distributed join customer and orders tables on 4 nodes
============================================================
Rank 0: Partitioning and distributing customer and orders Parquet files
Rank 0: Sent customer and orders partitions to rank 1
Rank 1: Received and saved Parquet files
Rank 0: Sent customer and orders partitions to rank 2
Rank 2: Received and saved Parquet files
Rank 0: Sent customer and orders partitions to rank 3
Rank 3: Received and saved Parquet files
Rank 1: Loaded 3750 customer and 37347 orders records into local DB
Rank 2: Loaded 3750 customer and 37791 orders records into local DB
Rank 3: Loaded 3750 customer and 37428 orders records into local DB
Rank 0: Loaded 3750 customer and 37434 orders records into local DB
Rank 3: Local join query completed in 0.00755
Rank 1: Local join query completed in 0.007799
Rank 2: Local join query completed in 0.008239
Rank 0: Local join query completed in 0.01336
Coordinator collecting Parquet files...
Receiving Parquet from rank 1...
Receiving Parquet from rank 2...
Receiving Parquet from rank 3...
Collection completed in 0:00:00.081652, total records: 150000
Total execution time: 1.347605 seconds
Partitioning time: 1.248613 seconds
Local join time: 0.01336 seconds
Collection time: 0.081652 seconds
Collection time 2: 0.098567 seconds
------------------------------------------------------------
A process or daemon was unable to complete a TCP connection
to another process:
  Local host:    qnode0021
  Remote host:   qnode0022
This is usually caused by a firewall on the remote host. Please
check that any firewall (e.g., iptables) has been disabled and
try again.
------------------------------------------------------------
------------------------------------------------------------
A process or daemon was unable to complete a TCP connection
to another process:
  Local host:    qnode0021
  Remote host:   qnode0023
This is usually caused by a firewall on the remote host. Please
check that any firewall (e.g., iptables) has been disabled and
try again.
------------------------------------------------------------
------------------------------------------------------------
A process or daemon was unable to complete a TCP connection
to another process:
  Local host:    qnode0021
  Remote host:   qnode0024
This is usually caused by a firewall on the remote host. Please
check that any firewall (e.g., iptables) has been disabled and
try again.
------------------------------------------------------------
Distributed join for customer and orders tables finished
